<?xml version="1.0" encoding="UTF-8"?>
<!-- Generated by org.testng.reporters.JUnitXMLReporter -->
<testsuite hostname="INFOVITY-LT-187" ignored="0" name="Test on Chrome" tests="8" failures="2" timestamp="07 Feb 2020 05:49:16 GMT" time="63.435" errors="0">
  <testcase name="Test4" time="9.131" classname="listeners.TestNGFeaturesDemo"/>
  <testcase name="Test5" time="3.537" classname="listeners.TestNGFeaturesDemo"/>
  <testcase name="Test2" time="8.295" classname="listeners.TestNGFeaturesDemo">
    <failure type="junit.framework.AssertionFailedError">
      <![CDATA[junit.framework.AssertionFailedError
at junit.framework.Assert.fail(Assert.java:55)
at junit.framework.Assert.assertTrue(Assert.java:22)
at junit.framework.Assert.assertTrue(Assert.java:31)
at listeners.TestNGFeaturesDemo.Test2(TestNGFeaturesDemo.java:93)
at java.util.concurrent.ThreadPoolExecutor.runWorker(Unknown Source)
at java.util.concurrent.ThreadPoolExecutor$Worker.run(Unknown Source)
at java.lang.Thread.run(Unknown Source)
... Removed 10 stack frames]]>
    </failure>
  </testcase> <!-- Test2 -->
  <testcase name="Test1" time="8.294" classname="listeners.TestNGFeaturesDemo"/>
  <testcase name="Test1" time="7.873" classname="listeners.TestNGFeaturesDemo"/>
  <testcase name="Test1" time="7.232" classname="listeners.TestNGFeaturesDemo"/>
  <testcase name="Test3" time="3.281" classname="listeners.TestNGFeaturesDemo">
    <skipped/>
  </testcase> <!-- Test3 -->
  <testcase name="Test3" time="3.283" classname="listeners.TestNGFeaturesDemo">
    <failure type="java.lang.NoSuchMethodError" message="org.testng.ITestResult.getSkipCausedBy()Ljava/util/List;">
      <![CDATA[java.lang.NoSuchMethodError: org.testng.ITestResult.getSkipCausedBy()Ljava/util/List;
at listeners.TestNGListeners.onTestSkipped(TestNGListeners.java:29)
at java.util.concurrent.ThreadPoolExecutor.runWorker(Unknown Source)
at java.util.concurrent.ThreadPoolExecutor$Worker.run(Unknown Source)
at java.lang.Thread.run(Unknown Source)
... Removed 7 stack frames]]>
    </failure>
  </testcase> <!-- Test3 -->
</testsuite> <!-- Test on Chrome -->
