<?xml version="1.0" encoding="UTF-8"?>
<!-- Generated by org.testng.reporters.JUnitReportReporter -->
<testsuite skipped="1" hostname="INFOVITY-LT-187" name="test.TestNGDemo2" tests="2" failures="0" timestamp="03 Feb 2020 10:04:47 GMT" time="59.848" errors="1">
  <testcase name="googleSearch2" time="0.000" classname="test.TestNGDemo2">
    <skipped/>
  </testcase> <!-- googleSearch2 -->
  <testcase name="TestSetups" time="59.848" classname="test.TestNGDemo2">
    <error type="org.openqa.selenium.SessionNotCreatedException" message="session not created
from disconnected: received Inspector.detached event
  (Session info: chrome=79.0.3945.130)
Build info: version: &#039;3.141.59&#039;, revision: &#039;e82be7d358&#039;, time: &#039;2018-11-14T08:17:03&#039;
System info: host: &#039;INFOVITY-LT-187&#039;, ip: &#039;192.168.1.115&#039;, os.name: &#039;Windows 10&#039;, os.arch: &#039;amd64&#039;, os.version: &#039;10.0&#039;, java.version: &#039;1.8.0_201&#039;
Driver info: driver.version: ChromeDriver
remote stacktrace: Backtrace:
	Ordinal0 [0x0111A113+1548563]
	Ordinal0 [0x0109DDA1+1039777]
	Ordinal0 [0x0101E485+517253]
	Ordinal0 [0x010170CB+487627]
	Ordinal0 [0x01016CE9+486633]
	Ordinal0 [0x010165E8+484840]
	Ordinal0 [0x01015D33+482611]
	Ordinal0 [0x01015E75+482933]
	Ordinal0 [0x010159B5+481717]
	Ordinal0 [0x0101D1E5+512485]
	Ordinal0 [0x01015968+481640]
	Ordinal0 [0x0101628B+483979]
	Ordinal0 [0x01015D33+482611]
	Ordinal0 [0x01015E75+482933]
	Ordinal0 [0x010159B5+481717]
	Ordinal0 [0x0101BB0E+506638]
	Ordinal0 [0x01015968+481640]
	Ordinal0 [0x0101628B+483979]
	Ordinal0 [0x01015D33+482611]
	Ordinal0 [0x01015E75+482933]
	Ordinal0 [0x010159B5+481717]
	Ordinal0 [0x0101A37C+500604]
	Ordinal0 [0x01015968+481640]
	Ordinal0 [0x0101628B+483979]
	Ordinal0 [0x01015D33+482611]
	Ordinal0 [0x01015E75+482933]
	Ordinal0 [0x010159B5+481717]
	Ordinal0 [0x01019A17+498199]
	Ordinal0 [0x01015968+481640]
	Ordinal0 [0x0101628B+483979]
	Ordinal0 [0x01015D33+482611]
	Ordinal0 [0x01015E75+482933]
	Ordinal0 [0x010159B5+481717]
	Ordinal0 [0x0101256C+468332]
	Ordinal0 [0x01015968+481640]
	Ordinal0 [0x01015844+481348]
	Ordinal0 [0x0101F0D0+520400]
	Ordinal0 [0x00FCC030+180272]
	Ordinal0 [0x00FCB59D+177565]
	Ordinal0 [0x00FC95FB+169467]
	Ordinal0 [0x00FB160A+71178]
	Ordinal0 [0x00FB2690+75408]
	Ordinal0 [0x00FB2629+75305]
	Ordinal0 [0x010B71B7+1143223]
	GetHandleVerifier [0x011B2B46+507814]
	GetHandleVerifier [0x011B2864+507076]
	GetHandleVerifier [0x011B9F47+537511]
	GetHandleVerifier [0x011B3402+510050]
	Ordinal0 [0x010AF29C+1110684]
	Ordinal0 [0x010B938B+1151883]
	Ordinal0 [0x010B94F3+1152243]
	Ordinal0 [0x010B83F5+1147893]
	BaseThreadInitThunk [0x76AC6359+25]
	RtlGetAppContainerNamedObjectPath [0x77E97B74+228]
	RtlGetAppContainerNamedObjectPath [0x77E97B44+180]
">
      <![CDATA[org.openqa.selenium.SessionNotCreatedException: session not created
from disconnected: received Inspector.detached event
  (Session info: chrome=79.0.3945.130)
Build info: version: '3.141.59', revision: 'e82be7d358', time: '2018-11-14T08:17:03'
System info: host: 'INFOVITY-LT-187', ip: '192.168.1.115', os.name: 'Windows 10', os.arch: 'amd64', os.version: '10.0', java.version: '1.8.0_201'
Driver info: driver.version: ChromeDriver
remote stacktrace: Backtrace:
Ordinal0 [0x0111A113+1548563]
Ordinal0 [0x0109DDA1+1039777]
Ordinal0 [0x0101E485+517253]
Ordinal0 [0x010170CB+487627]
Ordinal0 [0x01016CE9+486633]
Ordinal0 [0x010165E8+484840]
Ordinal0 [0x01015D33+482611]
Ordinal0 [0x01015E75+482933]
Ordinal0 [0x010159B5+481717]
Ordinal0 [0x0101D1E5+512485]
Ordinal0 [0x01015968+481640]
Ordinal0 [0x0101628B+483979]
Ordinal0 [0x01015D33+482611]
Ordinal0 [0x01015E75+482933]
Ordinal0 [0x010159B5+481717]
Ordinal0 [0x0101BB0E+506638]
Ordinal0 [0x01015968+481640]
Ordinal0 [0x0101628B+483979]
Ordinal0 [0x01015D33+482611]
Ordinal0 [0x01015E75+482933]
Ordinal0 [0x010159B5+481717]
Ordinal0 [0x0101A37C+500604]
Ordinal0 [0x01015968+481640]
Ordinal0 [0x0101628B+483979]
Ordinal0 [0x01015D33+482611]
Ordinal0 [0x01015E75+482933]
Ordinal0 [0x010159B5+481717]
Ordinal0 [0x01019A17+498199]
Ordinal0 [0x01015968+481640]
Ordinal0 [0x0101628B+483979]
Ordinal0 [0x01015D33+482611]
Ordinal0 [0x01015E75+482933]
Ordinal0 [0x010159B5+481717]
Ordinal0 [0x0101256C+468332]
Ordinal0 [0x01015968+481640]
Ordinal0 [0x01015844+481348]
Ordinal0 [0x0101F0D0+520400]
Ordinal0 [0x00FCC030+180272]
Ordinal0 [0x00FCB59D+177565]
Ordinal0 [0x00FC95FB+169467]
Ordinal0 [0x00FB160A+71178]
Ordinal0 [0x00FB2690+75408]
Ordinal0 [0x00FB2629+75305]
Ordinal0 [0x010B71B7+1143223]
GetHandleVerifier [0x011B2B46+507814]
GetHandleVerifier [0x011B2864+507076]
GetHandleVerifier [0x011B9F47+537511]
GetHandleVerifier [0x011B3402+510050]
Ordinal0 [0x010AF29C+1110684]
Ordinal0 [0x010B938B+1151883]
Ordinal0 [0x010B94F3+1152243]
Ordinal0 [0x010B83F5+1147893]
BaseThreadInitThunk [0x76AC6359+25]
RtlGetAppContainerNamedObjectPath [0x77E97B74+228]
RtlGetAppContainerNamedObjectPath [0x77E97B44+180]

at sun.reflect.NativeConstructorAccessorImpl.newInstance0(Native Method)
at sun.reflect.NativeConstructorAccessorImpl.newInstance(Unknown Source)
at sun.reflect.DelegatingConstructorAccessorImpl.newInstance(Unknown Source)
at java.lang.reflect.Constructor.newInstance(Unknown Source)
at org.openqa.selenium.remote.W3CHandshakeResponse.lambda$errorHandler$0(W3CHandshakeResponse.java:62)
at org.openqa.selenium.remote.HandshakeResponse.lambda$getResponseFunction$0(HandshakeResponse.java:30)
at org.openqa.selenium.remote.ProtocolHandshake.lambda$createSession$0(ProtocolHandshake.java:126)
at java.util.stream.ReferencePipeline$3$1.accept(Unknown Source)
at java.util.Spliterators$ArraySpliterator.tryAdvance(Unknown Source)
at java.util.stream.ReferencePipeline.forEachWithCancel(Unknown Source)
at java.util.stream.AbstractPipeline.copyIntoWithCancel(Unknown Source)
at java.util.stream.AbstractPipeline.copyInto(Unknown Source)
at java.util.stream.AbstractPipeline.wrapAndCopyInto(Unknown Source)
at java.util.stream.FindOps$FindOp.evaluateSequential(Unknown Source)
at java.util.stream.AbstractPipeline.evaluate(Unknown Source)
at java.util.stream.ReferencePipeline.findFirst(Unknown Source)
at org.openqa.selenium.remote.ProtocolHandshake.createSession(ProtocolHandshake.java:128)
at org.openqa.selenium.remote.ProtocolHandshake.createSession(ProtocolHandshake.java:74)
at org.openqa.selenium.remote.HttpCommandExecutor.execute(HttpCommandExecutor.java:136)
at org.openqa.selenium.remote.service.DriverCommandExecutor.execute(DriverCommandExecutor.java:83)
at org.openqa.selenium.remote.RemoteWebDriver.execute(RemoteWebDriver.java:552)
at org.openqa.selenium.remote.RemoteWebDriver.startSession(RemoteWebDriver.java:213)
at org.openqa.selenium.remote.RemoteWebDriver.<init>(RemoteWebDriver.java:131)
at org.openqa.selenium.chrome.ChromeDriver.<init>(ChromeDriver.java:181)
at org.openqa.selenium.chrome.ChromeDriver.<init>(ChromeDriver.java:168)
at org.openqa.selenium.chrome.ChromeDriver.<init>(ChromeDriver.java:123)
at test.TestNGDemo2.TestSetups(TestNGDemo2.java:19)
at sun.reflect.NativeMethodAccessorImpl.invoke0(Native Method)
at sun.reflect.NativeMethodAccessorImpl.invoke(Unknown Source)
at sun.reflect.DelegatingMethodAccessorImpl.invoke(Unknown Source)
at java.lang.reflect.Method.invoke(Unknown Source)
at org.testng.internal.MethodInvocationHelper.invokeMethod(MethodInvocationHelper.java:124)
at org.testng.internal.MethodInvocationHelper.invokeMethodConsideringTimeout(MethodInvocationHelper.java:59)
at org.testng.internal.Invoker.invokeConfigurationMethod(Invoker.java:458)
at org.testng.internal.Invoker.invokeConfigurations(Invoker.java:222)
at org.testng.internal.Invoker.invokeConfigurations(Invoker.java:142)
at org.testng.TestRunner.beforeRun(TestRunner.java:529)
at org.testng.TestRunner.run(TestRunner.java:497)
at org.testng.SuiteRunner.runTest(SuiteRunner.java:455)
at org.testng.SuiteRunner.runSequentially(SuiteRunner.java:450)
at org.testng.SuiteRunner.privateRun(SuiteRunner.java:415)
at org.testng.SuiteRunner.run(SuiteRunner.java:364)
at org.testng.SuiteRunnerWorker.runSuite(SuiteRunnerWorker.java:52)
at org.testng.SuiteRunnerWorker.run(SuiteRunnerWorker.java:84)
at org.testng.TestNG.runSuitesSequentially(TestNG.java:1208)
at org.testng.TestNG.runSuitesLocally(TestNG.java:1137)
at org.testng.TestNG.runSuites(TestNG.java:1049)
at org.testng.TestNG.run(TestNG.java:1017)
at org.testng.remote.AbstractRemoteTestNG.run(AbstractRemoteTestNG.java:115)
at org.testng.remote.RemoteTestNG.initAndRun(RemoteTestNG.java:251)
at org.testng.remote.RemoteTestNG.main(RemoteTestNG.java:77)
]]>
    </error>
  </testcase> <!-- TestSetups -->
</testsuite> <!-- test.TestNGDemo2 -->
